<?xml version="1.0" encoding="UTF-8"?>
<testsuite xmlns:xsi="http://www.w3.org/2001/XMLSchema-instance" xsi:noNamespaceSchemaLocation="https://maven.apache.org/surefire/maven-surefire-plugin/xsd/surefire-test-report.xsd" name="org.example.EarlyReturnProcessorTest" time="1.93" tests="1" errors="0" skipped="0" failures="0">
  <properties>
    <property name="java.specification.version" value="18"/>
    <property name="sun.cpu.isalist" value="amd64"/>
    <property name="sun.jnu.encoding" value="Cp1252"/>
    <property name="java.class.path" value="C:\Users\Mateus\Desktop\bolsa_02\EarlyReturnProcessor\TesteProcessor\target\test-classes;C:\Users\Mateus\Desktop\bolsa_02\EarlyReturnProcessor\TesteProcessor\target\classes;C:\Users\Mateus\.m2\repository\junit\junit\4.13.2\junit-4.13.2.jar;C:\Users\Mateus\.m2\repository\org\hamcrest\hamcrest-core\1.3\hamcrest-core-1.3.jar;C:\Users\Mateus\.m2\repository\fr\inria\gforge\spoon\spoon-core\10.2.0\spoon-core-10.2.0.jar;C:\Users\Mateus\.m2\repository\org\eclipse\jdt\org.eclipse.jdt.core\3.31.0\org.eclipse.jdt.core-3.31.0.jar;C:\Users\Mateus\.m2\repository\com\martiansoftware\jsap\2.1\jsap-2.1.jar;C:\Users\Mateus\.m2\repository\commons-io\commons-io\2.11.0\commons-io-2.11.0.jar;C:\Users\Mateus\.m2\repository\org\apache\maven\maven-model\4.0.0-alpha-7\maven-model-4.0.0-alpha-7.jar;C:\Users\Mateus\.m2\repository\org\apache\maven\maven-api-model\4.0.0-alpha-7\maven-api-model-4.0.0-alpha-7.jar;C:\Users\Mateus\.m2\repository\org\apache\maven\maven-api-xml\4.0.0-alpha-7\maven-api-xml-4.0.0-alpha-7.jar;C:\Users\Mateus\.m2\repository\org\apache\maven\maven-api-meta\4.0.0-alpha-7\maven-api-meta-4.0.0-alpha-7.jar;C:\Users\Mateus\.m2\repository\org\apache\maven\maven-xml-impl\4.0.0-alpha-7\maven-xml-impl-4.0.0-alpha-7.jar;C:\Users\Mateus\.m2\repository\org\eclipse\sisu\org.eclipse.sisu.plexus\0.9.0.M2\org.eclipse.sisu.plexus-0.9.0.M2.jar;C:\Users\Mateus\.m2\repository\javax\annotation\javax.annotation-api\1.2\javax.annotation-api-1.2.jar;C:\Users\Mateus\.m2\repository\org\eclipse\sisu\org.eclipse.sisu.inject\0.9.0.M2\org.eclipse.sisu.inject-0.9.0.M2.jar;C:\Users\Mateus\.m2\repository\org\codehaus\plexus\plexus-component-annotations\2.1.0\plexus-component-annotations-2.1.0.jar;C:\Users\Mateus\.m2\repository\org\codehaus\plexus\plexus-classworlds\2.6.0\plexus-classworlds-2.6.0.jar;C:\Users\Mateus\.m2\repository\org\codehaus\plexus\plexus-utils\3.3.0\plexus-utils-3.3.0.jar;C:\Users\Mateus\.m2\repository\org\codehaus\plexus\plexus-xml\4.0.1\plexus-xml-4.0.1.jar;C:\Users\Mateus\.m2\repository\org\apache\commons\commons-lang3\3.12.0\commons-lang3-3.12.0.jar;C:\Users\Mateus\.m2\repository\com\fasterxml\jackson\core\jackson-databind\2.13.4.2\jackson-databind-2.13.4.2.jar;C:\Users\Mateus\.m2\repository\com\fasterxml\jackson\core\jackson-annotations\2.13.4\jackson-annotations-2.13.4.jar;C:\Users\Mateus\.m2\repository\com\fasterxml\jackson\core\jackson-core\2.13.4\jackson-core-2.13.4.jar;C:\Users\Mateus\.m2\repository\org\apache\commons\commons-compress\1.21\commons-compress-1.21.jar;C:\Users\Mateus\.m2\repository\org\apache\maven\shared\maven-invoker\3.2.0\maven-invoker-3.2.0.jar;C:\Users\Mateus\.m2\repository\org\apache\maven\shared\maven-shared-utils\3.3.4\maven-shared-utils-3.3.4.jar;C:\Users\Mateus\.m2\repository\javax\inject\javax.inject\1\javax.inject-1.jar;C:\Users\Mateus\.m2\repository\org\slf4j\slf4j-api\2.0.5\slf4j-api-2.0.5.jar;C:\Users\Mateus\.m2\repository\org\slf4j\slf4j-reload4j\2.0.5\slf4j-reload4j-2.0.5.jar;C:\Users\Mateus\.m2\repository\ch\qos\reload4j\reload4j\1.2.22\reload4j-1.2.22.jar;"/>
    <property name="java.vm.vendor" value="Oracle Corporation"/>
    <property name="sun.arch.data.model" value="64"/>
    <property name="user.variant" value=""/>
    <property name="java.vendor.url" value="https://java.oracle.com/"/>
    <property name="user.timezone" value="America/Sao_Paulo"/>
    <property name="os.name" value="Windows 10"/>
    <property name="java.vm.specification.version" value="18"/>
    <property name="sun.java.launcher" value="SUN_STANDARD"/>
    <property name="user.country" value="BR"/>
    <property name="sun.boot.library.path" value="C:\Program Files\Java\jdk-18.0.2.1\bin"/>
    <property name="sun.java.command" value="C:\Users\Mateus\AppData\Local\Temp\surefire6143293030456968758\surefirebooter15346345768679518950.jar C:\Users\Mateus\AppData\Local\Temp\surefire6143293030456968758 2023-07-17T00-46-04_868-jvmRun1 surefire7247144764536442831tmp surefire_08237226339680357613tmp"/>
    <property name="jdk.debug" value="release"/>
    <property name="surefire.test.class.path" value="C:\Users\Mateus\Desktop\bolsa_02\EarlyReturnProcessor\TesteProcessor\target\test-classes;C:\Users\Mateus\Desktop\bolsa_02\EarlyReturnProcessor\TesteProcessor\target\classes;C:\Users\Mateus\.m2\repository\junit\junit\4.13.2\junit-4.13.2.jar;C:\Users\Mateus\.m2\repository\org\hamcrest\hamcrest-core\1.3\hamcrest-core-1.3.jar;C:\Users\Mateus\.m2\repository\fr\inria\gforge\spoon\spoon-core\10.2.0\spoon-core-10.2.0.jar;C:\Users\Mateus\.m2\repository\org\eclipse\jdt\org.eclipse.jdt.core\3.31.0\org.eclipse.jdt.core-3.31.0.jar;C:\Users\Mateus\.m2\repository\com\martiansoftware\jsap\2.1\jsap-2.1.jar;C:\Users\Mateus\.m2\repository\commons-io\commons-io\2.11.0\commons-io-2.11.0.jar;C:\Users\Mateus\.m2\repository\org\apache\maven\maven-model\4.0.0-alpha-7\maven-model-4.0.0-alpha-7.jar;C:\Users\Mateus\.m2\repository\org\apache\maven\maven-api-model\4.0.0-alpha-7\maven-api-model-4.0.0-alpha-7.jar;C:\Users\Mateus\.m2\repository\org\apache\maven\maven-api-xml\4.0.0-alpha-7\maven-api-xml-4.0.0-alpha-7.jar;C:\Users\Mateus\.m2\repository\org\apache\maven\maven-api-meta\4.0.0-alpha-7\maven-api-meta-4.0.0-alpha-7.jar;C:\Users\Mateus\.m2\repository\org\apache\maven\maven-xml-impl\4.0.0-alpha-7\maven-xml-impl-4.0.0-alpha-7.jar;C:\Users\Mateus\.m2\repository\org\eclipse\sisu\org.eclipse.sisu.plexus\0.9.0.M2\org.eclipse.sisu.plexus-0.9.0.M2.jar;C:\Users\Mateus\.m2\repository\javax\annotation\javax.annotation-api\1.2\javax.annotation-api-1.2.jar;C:\Users\Mateus\.m2\repository\org\eclipse\sisu\org.eclipse.sisu.inject\0.9.0.M2\org.eclipse.sisu.inject-0.9.0.M2.jar;C:\Users\Mateus\.m2\repository\org\codehaus\plexus\plexus-component-annotations\2.1.0\plexus-component-annotations-2.1.0.jar;C:\Users\Mateus\.m2\repository\org\codehaus\plexus\plexus-classworlds\2.6.0\plexus-classworlds-2.6.0.jar;C:\Users\Mateus\.m2\repository\org\codehaus\plexus\plexus-utils\3.3.0\plexus-utils-3.3.0.jar;C:\Users\Mateus\.m2\repository\org\codehaus\plexus\plexus-xml\4.0.1\plexus-xml-4.0.1.jar;C:\Users\Mateus\.m2\repository\org\apache\commons\commons-lang3\3.12.0\commons-lang3-3.12.0.jar;C:\Users\Mateus\.m2\repository\com\fasterxml\jackson\core\jackson-databind\2.13.4.2\jackson-databind-2.13.4.2.jar;C:\Users\Mateus\.m2\repository\com\fasterxml\jackson\core\jackson-annotations\2.13.4\jackson-annotations-2.13.4.jar;C:\Users\Mateus\.m2\repository\com\fasterxml\jackson\core\jackson-core\2.13.4\jackson-core-2.13.4.jar;C:\Users\Mateus\.m2\repository\org\apache\commons\commons-compress\1.21\commons-compress-1.21.jar;C:\Users\Mateus\.m2\repository\org\apache\maven\shared\maven-invoker\3.2.0\maven-invoker-3.2.0.jar;C:\Users\Mateus\.m2\repository\org\apache\maven\shared\maven-shared-utils\3.3.4\maven-shared-utils-3.3.4.jar;C:\Users\Mateus\.m2\repository\javax\inject\javax.inject\1\javax.inject-1.jar;C:\Users\Mateus\.m2\repository\org\slf4j\slf4j-api\2.0.5\slf4j-api-2.0.5.jar;C:\Users\Mateus\.m2\repository\org\slf4j\slf4j-reload4j\2.0.5\slf4j-reload4j-2.0.5.jar;C:\Users\Mateus\.m2\repository\ch\qos\reload4j\reload4j\1.2.22\reload4j-1.2.22.jar;"/>
    <property name="sun.cpu.endian" value="little"/>
    <property name="user.home" value="C:\Users\Mateus"/>
    <property name="user.language" value="pt"/>
    <property name="java.specification.vendor" value="Oracle Corporation"/>
    <property name="java.version.date" value="2022-08-18"/>
    <property name="java.home" value="C:\Program Files\Java\jdk-18.0.2.1"/>
    <property name="file.separator" value="\"/>
    <property name="basedir" value="C:\Users\Mateus\Desktop\bolsa_02\EarlyReturnProcessor\TesteProcessor"/>
    <property name="java.vm.compressedOopsMode" value="32-bit"/>
    <property name="line.separator" value="&#10;"/>
    <property name="java.vm.specification.vendor" value="Oracle Corporation"/>
    <property name="java.specification.name" value="Java Platform API Specification"/>
    <property name="surefire.real.class.path" value="C:\Users\Mateus\AppData\Local\Temp\surefire6143293030456968758\surefirebooter15346345768679518950.jar"/>
    <property name="user.script" value=""/>
    <property name="sun.management.compiler" value="HotSpot 64-Bit Tiered Compilers"/>
    <property name="java.runtime.version" value="18.0.2.1+1-1"/>
    <property name="user.name" value="Mateus"/>
    <property name="path.separator" value=";"/>
    <property name="os.version" value="10.0"/>
    <property name="java.runtime.name" value="Java(TM) SE Runtime Environment"/>
    <property name="file.encoding" value="UTF-8"/>
    <property name="java.vm.name" value="Java HotSpot(TM) 64-Bit Server VM"/>
    <property name="localRepository" value="C:\Users\Mateus\.m2\repository"/>
    <property name="java.vendor.url.bug" value="https://bugreport.java.com/bugreport/"/>
    <property name="java.io.tmpdir" value="C:\Users\Mateus\AppData\Local\Temp\"/>
    <property name="java.version" value="18.0.2.1"/>
    <property name="user.dir" value="C:\Users\Mateus\Desktop\bolsa_02\EarlyReturnProcessor\TesteProcessor"/>
    <property name="os.arch" value="amd64"/>
    <property name="java.vm.specification.name" value="Java Virtual Machine Specification"/>
    <property name="sun.os.patch.level" value=""/>
    <property name="native.encoding" value="Cp1252"/>
    <property name="java.library.path" value="C:\Program Files\Java\jdk-18.0.2.1\bin;C:\Windows\Sun\Java\bin;C:\Windows\system32;C:\Windows;C:\Program Files\Common Files\Oracle\Java\javapath;C:\mingw64\mingw64\bin;C:\Python310\Scripts\;C:\Python310\;C:\Program Files (x86)\Common Files\Oracle\Java\javapath;C:\Windows\system32;C:\Windows;C:\Windows\System32\Wbem;C:\Windows\System32\WindowsPowerShell\v1.0\;C:\Windows\System32\OpenSSH\;C:\ProgramData\UNIVALI\Portugol Studio;C:\Program Files\NVIDIA Corporation\NVIDIA NvDLISR;C:\Program Files (x86)\NVIDIA Corporation\PhysX\Common;C:\Program Files\nodejs\;C:\ProgramData\chocolatey\bin;C:\Program Files\Git\cmd;C:\Users\Mateus\AppData\Local\Microsoft\WindowsApps;C:\Users\Mateus\AppData\Local\Programs\Microsoft VS Code\bin;C:\Users\Mateus\AppData\Roaming\npm;C:\Users\Mateus\AppData\Local\GitHubDesktop\bin;C:\apache-maven-3.9.3\bin;;."/>
    <property name="java.vm.info" value="mixed mode, sharing"/>
    <property name="java.vendor" value="Oracle Corporation"/>
    <property name="java.vm.version" value="18.0.2.1+1-1"/>
    <property name="sun.io.unicode.encoding" value="UnicodeLittle"/>
    <property name="java.class.version" value="62.0"/>
  </properties>
  <testcase name="EarlyReturnProcess" classname="org.example.EarlyReturnProcessorTest" time="1.91"/>
</testsuite>